<?xml version="1.0" encoding="UTF-8"?>
<!-- Generated by org.testng.reporters.JUnitReportReporter -->
<testsuite hostname="LAPTOP-2L6GLUVO" failures="0" tests="2" name="practice.appiumframework.TotalAmountTest" time="123.289" errors="0" timestamp="2021-05-15T19:52:03 SGT" skipped="0">
  <testcase classname="practice.appiumframework.TotalAmountTest" name="validateTotal" time="70.396"/>
  <system-out/>
  <testcase classname="practice.appiumframework.TotalAmountTest" name="validateTotal" time="52.893"/>
  <system-out/>
</testsuite> <!-- practice.appiumframework.TotalAmountTest -->
