<?xml version="1.0" encoding="UTF-8"?>
<!-- Generated by org.testng.reporters.JUnitReportReporter -->
<testsuite hostname="LAPTOP-2L6GLUVO" failures="0" tests="1" name="practice.appiumframework.TotalAmount" time="39.477" errors="0" timestamp="10 May 2021 17:08:41 GMT" skipped="0">
  <testcase classname="practice.appiumframework.TotalAmount" name="validateTotal" time="39.477"/>
</testsuite> <!-- practice.appiumframework.TotalAmount -->
