<?xml version="1.0" encoding="UTF-8"?>
<!-- Generated by org.testng.reporters.JUnitReportReporter -->
<testsuite hostname="LAPTOP-2L6GLUVO" failures="0" tests="1" name="practice.appiumframework.PreferencesTest" time="27.019" errors="0" timestamp="2021-05-15T19:52:03 SGT" skipped="0">
  <testcase classname="practice.appiumframework.PreferencesTest" name="APIDemos" time="27.019"/>
  <system-out/>
</testsuite> <!-- practice.appiumframework.PreferencesTest -->
