<?xml version="1.0" encoding="UTF-8"?>
<!-- Generated by org.testng.reporters.JUnitReportReporter -->
<testsuite skipped="0" hostname="LAPTOP-2L6GLUVO" name="practice.appiumframework.PreferencesTest" tests="1" failures="0" timestamp="2021-05-16T18:05:02 SGT" time="18.670" errors="0">
  <testcase name="APIDemos" time="18.670" classname="practice.appiumframework.PreferencesTest"/>
  <system-out/>
</testsuite> <!-- practice.appiumframework.PreferencesTest -->
