<?xml version="1.0" encoding="UTF-8"?>
<!-- Generated by org.testng.reporters.JUnitReportReporter -->
<testsuite skipped="0" hostname="LAPTOP-2L6GLUVO" name="practice.appiumframework.TotalAmountTest" tests="2" failures="0" timestamp="2021-05-16T18:05:02 SGT" time="100.384" errors="0">
  <testcase name="validateTotal" time="45.961" classname="practice.appiumframework.TotalAmountTest"/>
  <system-out/>
  <testcase name="validateTotal" time="54.423" classname="practice.appiumframework.TotalAmountTest"/>
  <system-out/>
</testsuite> <!-- practice.appiumframework.TotalAmountTest -->
